<?xml version="1.0" encoding="UTF-8"?>
<!-- Generated by org.testng.reporters.JUnitXMLReporter -->
<testsuite hostname="TYUDM" ignored="0" name="Default test" tests="1" failures="0" timestamp="30 Sep 2019 12:49:09 GMT" time="0.017" errors="0">
  <testcase name="@BeforeSuite setUp" time="3.593" classname="com.w2a.base.TestBase">
    <failure type="org.openqa.selenium.SessionNotCreatedException" message="session not created: This version of ChromeDriver only supports Chrome version 78
Build info: version: &amp;apos;3.4.0&amp;apos;, revision: &amp;apos;unknown&amp;apos;, time: &amp;apos;unknown&amp;apos;
System info: host: &amp;apos;TYUDM&amp;apos;, ip: &amp;apos;192.168.56.1&amp;apos;, os.name: &amp;apos;Windows 7&amp;apos;, os.arch: &amp;apos;amd64&amp;apos;, os.version: &amp;apos;6.1&amp;apos;, java.version: &amp;apos;1.8.0_201&amp;apos;
Driver info: driver.version: ChromeDriver
remote stacktrace: Backtrace:
	Ordinal0 [0x0125AA43+1550915]
	Ordinal0 [0x011DA901+1026305]
	Ordinal0 [0x0115C915+510229]
	Ordinal0 [0x010EFC68+64616]
	Ordinal0 [0x010EC594+50580]
	Ordinal0 [0x0110ACE7+175335]
	Ordinal0 [0x0110A8ED+174317]
	Ordinal0 [0x01108CDB+167131]
	Ordinal0 [0x010F144A+70730]
	Ordinal0 [0x010F24D0+74960]
	Ordinal0 [0x010F2469+74857]
	Ordinal0 [0x011F44C7+1131719]
	GetHandleVerifier [0x012F722D+523773]
	GetHandleVerifier [0x012F6FC0+523152]
	GetHandleVerifier [0x012FE317+552679]
	GetHandleVerifier [0x012F7A2A+525818]
	Ordinal0 [0x011EB9FC+1096188]
	Ordinal0 [0x011F653B+1140027]
	Ordinal0 [0x011F66A3+1140387]
	Ordinal0 [0x011F5625+1136165]
	BaseThreadInitThunk [0x768E338A+18]
	RtlInitializeExceptionChain [0x77179902+99]
	RtlInitializeExceptionChain [0x771798D5+54]
">
      <![CDATA[org.openqa.selenium.SessionNotCreatedException: session not created: This version of ChromeDriver only supports Chrome version 78
Build info: version: '3.4.0', revision: 'unknown', time: 'unknown'
System info: host: 'TYUDM', ip: '192.168.56.1', os.name: 'Windows 7', os.arch: 'amd64', os.version: '6.1', java.version: '1.8.0_201'
Driver info: driver.version: ChromeDriver
remote stacktrace: Backtrace:
	Ordinal0 [0x0125AA43+1550915]
	Ordinal0 [0x011DA901+1026305]
	Ordinal0 [0x0115C915+510229]
	Ordinal0 [0x010EFC68+64616]
	Ordinal0 [0x010EC594+50580]
	Ordinal0 [0x0110ACE7+175335]
	Ordinal0 [0x0110A8ED+174317]
	Ordinal0 [0x01108CDB+167131]
	Ordinal0 [0x010F144A+70730]
	Ordinal0 [0x010F24D0+74960]
	Ordinal0 [0x010F2469+74857]
	Ordinal0 [0x011F44C7+1131719]
	GetHandleVerifier [0x012F722D+523773]
	GetHandleVerifier [0x012F6FC0+523152]
	GetHandleVerifier [0x012FE317+552679]
	GetHandleVerifier [0x012F7A2A+525818]
	Ordinal0 [0x011EB9FC+1096188]
	Ordinal0 [0x011F653B+1140027]
	Ordinal0 [0x011F66A3+1140387]
	Ordinal0 [0x011F5625+1136165]
	BaseThreadInitThunk [0x768E338A+18]
	RtlInitializeExceptionChain [0x77179902+99]
	RtlInitializeExceptionChain [0x771798D5+54]

	at sun.reflect.NativeConstructorAccessorImpl.newInstance0(Native Method)
	at sun.reflect.NativeConstructorAccessorImpl.newInstance(NativeConstructorAccessorImpl.java:62)
	at sun.reflect.DelegatingConstructorAccessorImpl.newInstance(DelegatingConstructorAccessorImpl.java:45)
	at java.lang.reflect.Constructor.newInstance(Constructor.java:423)
	at org.openqa.selenium.remote.W3CHandshakeResponse.lambda$new$0(W3CHandshakeResponse.java:57)
	at org.openqa.selenium.remote.W3CHandshakeResponse.lambda$getResponseFunction$2(W3CHandshakeResponse.java:104)
	at org.openqa.selenium.remote.ProtocolHandshake.lambda$createSession$22(ProtocolHandshake.java:365)
	at java.util.stream.ReferencePipeline$3$1.accept(ReferencePipeline.java:193)
	at java.util.Spliterators$ArraySpliterator.tryAdvance(Spliterators.java:958)
	at java.util.stream.ReferencePipeline.forEachWithCancel(ReferencePipeline.java:126)
	at java.util.stream.AbstractPipeline.copyIntoWithCancel(AbstractPipeline.java:498)
	at java.util.stream.AbstractPipeline.copyInto(AbstractPipeline.java:485)
	at java.util.stream.AbstractPipeline.wrapAndCopyInto(AbstractPipeline.java:471)
	at java.util.stream.FindOps$FindOp.evaluateSequential(FindOps.java:152)
	at java.util.stream.AbstractPipeline.evaluate(AbstractPipeline.java:234)
	at java.util.stream.ReferencePipeline.findFirst(ReferencePipeline.java:464)
	at org.openqa.selenium.remote.ProtocolHandshake.createSession(ProtocolHandshake.java:368)
	at org.openqa.selenium.remote.ProtocolHandshake.createSession(ProtocolHandshake.java:159)
	at org.openqa.selenium.remote.HttpCommandExecutor.execute(HttpCommandExecutor.java:142)
	at org.openqa.selenium.remote.service.DriverCommandExecutor.execute(DriverCommandExecutor.java:82)
	at org.openqa.selenium.remote.RemoteWebDriver.execute(RemoteWebDriver.java:637)
	at org.openqa.selenium.remote.RemoteWebDriver.startSession(RemoteWebDriver.java:250)
	at org.openqa.selenium.remote.RemoteWebDriver.startSession(RemoteWebDriver.java:236)
	at org.openqa.selenium.remote.RemoteWebDriver.<init>(RemoteWebDriver.java:137)
	at org.openqa.selenium.chrome.ChromeDriver.<init>(ChromeDriver.java:184)
	at org.openqa.selenium.chrome.ChromeDriver.<init>(ChromeDriver.java:171)
	at org.openqa.selenium.chrome.ChromeDriver.<init>(ChromeDriver.java:158)
	at com.w2a.base.TestBase.setUp(TestBase.java:119)
	at sun.reflect.NativeMethodAccessorImpl.invoke0(Native Method)
	at sun.reflect.NativeMethodAccessorImpl.invoke(NativeMethodAccessorImpl.java:62)
	at sun.reflect.DelegatingMethodAccessorImpl.invoke(DelegatingMethodAccessorImpl.java:43)
	at java.lang.reflect.Method.invoke(Method.java:498)
	at org.testng.internal.MethodInvocationHelper.invokeMethod(MethodInvocationHelper.java:108)
	at org.testng.internal.Invoker.invokeConfigurationMethod(Invoker.java:523)
	at org.testng.internal.Invoker.invokeConfigurations(Invoker.java:224)
	at org.testng.internal.Invoker.invokeConfigurations(Invoker.java:146)
	at org.testng.SuiteRunner.privateRun(SuiteRunner.java:326)
	at org.testng.SuiteRunner.run(SuiteRunner.java:289)
	at org.testng.SuiteRunnerWorker.runSuite(SuiteRunnerWorker.java:52)
	at org.testng.SuiteRunnerWorker.run(SuiteRunnerWorker.java:86)
	at org.testng.TestNG.runSuitesSequentially(TestNG.java:1301)
	at org.testng.TestNG.runSuitesLocally(TestNG.java:1226)
	at org.testng.TestNG.runSuites(TestNG.java:1144)
	at org.testng.TestNG.run(TestNG.java:1115)
	at org.testng.remote.AbstractRemoteTestNG.run(AbstractRemoteTestNG.java:114)
	at org.testng.remote.RemoteTestNG.initAndRun(RemoteTestNG.java:251)
	at org.testng.remote.RemoteTestNG.main(RemoteTestNG.java:77)
]]>
    </failure>
  </testcase> <!-- @BeforeSuite setUp -->
  <testcase name="bankManagerLoginTest" time="0.0" classname="com.w2a.testcases.BankManagerLoginTest">
    <skipped/>
  </testcase> <!-- bankManagerLoginTest -->
</testsuite> <!-- Default test -->
